32746 [2010-12-09 02:20:39] - Initializing ...
32746 [2010-12-09 02:20:39] - File - ./jsonsql, Age - 0.00104166666666667
32751 [2010-12-09 02:20:39] - Waiting for  to exit ...
32746 [2010-12-09 02:20:39] - Parent process exiting, let the daemon (32751) go ...
32751 [2010-12-09 02:20:40] - Waiting for  to exit ...
32751 [2010-12-09 02:20:41] - Waiting for  to exit ...
32751 [2010-12-09 02:20:42] - Waiting for  to exit ...
32751 [2010-12-09 02:20:43] - Waiting for  to exit ...
32751 [2010-12-09 02:20:44] - Waiting for  to exit ...
32751 [2010-12-09 02:20:45] - Waiting for  to exit ...
32751 [2010-12-09 02:20:47] - Waiting for  to exit ...
32751 [2010-12-09 02:20:48] - Waiting for  to exit ...
32751 [2010-12-09 02:20:49] - Waiting for  to exit ...
32751 [2010-12-09 02:20:50] - Waiting for  to exit ...
32751 [2010-12-09 02:20:51] - Waiting for  to exit ...
32751 [2010-12-09 02:20:52] - Waiting for  to exit ...
32751 [2010-12-09 02:20:53] - Waiting for  to exit ...
32751 [2010-12-09 02:20:54] - Waiting for  to exit ...
32751 [2010-12-09 02:20:55] - Waiting for  to exit ...
32751 [2010-12-09 02:20:56] - Waiting for  to exit ...
32751 [2010-12-09 02:20:57] - Waiting for  to exit ...
32751 [2010-12-09 02:20:58] - Waiting for  to exit ...
32751 [2010-12-09 02:20:59] - Waiting for  to exit ...
7256 [2010-12-09 02:22:19] - Initializing ...
7256 [2010-12-09 02:22:19] - File - jsonsql, Age - 0.000219907407407407
7266 [2010-12-09 02:22:19] - The deamon is now running...
7256 [2010-12-09 02:22:19] - Parent process exiting, let the daemon (7266) go ...
7266 [2010-12-09 02:22:19] - STDOUT : /tmp/hsw/cache/86400/14952/STDOUT7266
7266 [2010-12-09 02:22:19] - STDERR : /tmp/hsw/cache/86400/14952/STDERR7266
11288 [2010-12-09 02:23:20] - Initializing ...
11288 [2010-12-09 02:23:20] - File - jsonsql, Age - 0.0009375
11288 [2010-12-09 02:23:20] - Parent process exiting, let the daemon (11290) go ...
11290 [2010-12-09 02:23:20] - Waiting for  to exit ...
11290 [2010-12-09 02:23:21] - Waiting for  to exit ...
11290 [2010-12-09 02:23:22] - Waiting for  to exit ...
11290 [2010-12-09 02:23:23] - Waiting for  to exit ...
11290 [2010-12-09 02:23:24] - Waiting for  to exit ...
11290 [2010-12-09 02:23:25] - Waiting for  to exit ...
11290 [2010-12-09 02:23:26] - Waiting for  to exit ...
11290 [2010-12-09 02:23:27] - Waiting for  to exit ...
11290 [2010-12-09 02:23:28] - Waiting for  to exit ...
11290 [2010-12-09 02:23:29] - Waiting for  to exit ...
11290 [2010-12-09 02:23:30] - Waiting for  to exit ...
11290 [2010-12-09 02:23:31] - Waiting for  to exit ...
11290 [2010-12-09 02:23:32] - Waiting for  to exit ...
11290 [2010-12-09 02:23:33] - Waiting for  to exit ...
11290 [2010-12-09 02:23:34] - Waiting for  to exit ...
11290 [2010-12-09 02:23:35] - Waiting for  to exit ...
11290 [2010-12-09 02:23:36] - Waiting for  to exit ...
11290 [2010-12-09 02:23:37] - Waiting for  to exit ...
11290 [2010-12-09 02:23:38] - Waiting for  to exit ...
11290 [2010-12-09 02:23:39] - Waiting for  to exit ...
11290 [2010-12-09 02:23:40] - Waiting for  to exit ...
11290 [2010-12-09 02:23:41] - Waiting for  to exit ...
11290 [2010-12-09 02:23:42] - Waiting for  to exit ...
11290 [2010-12-09 02:23:43] - Waiting for  to exit ...
11290 [2010-12-09 02:23:44] - Waiting for  to exit ...
11290 [2010-12-09 02:23:45] - Waiting for  to exit ...
11290 [2010-12-09 02:23:46] - Waiting for  to exit ...
11290 [2010-12-09 02:23:47] - Waiting for  to exit ...
11290 [2010-12-09 02:23:48] - Waiting for  to exit ...
11290 [2010-12-09 02:23:49] - Waiting for  to exit ...
11290 [2010-12-09 02:23:50] - Waiting for  to exit ...
11290 [2010-12-09 02:23:51] - Waiting for  to exit ...
11290 [2010-12-09 02:23:52] - Waiting for  to exit ...
11290 [2010-12-09 02:23:53] - Waiting for  to exit ...
11290 [2010-12-09 02:23:54] - Waiting for  to exit ...
11290 [2010-12-09 02:23:55] - Waiting for  to exit ...
11290 [2010-12-09 02:23:56] - Waiting for  to exit ...
11290 [2010-12-09 02:23:57] - Waiting for  to exit ...
11290 [2010-12-09 02:23:58] - Waiting for  to exit ...
11290 [2010-12-09 02:23:59] - Waiting for  to exit ...
11290 [2010-12-09 02:24:00] - Waiting for  to exit ...
11290 [2010-12-09 02:24:01] - Waiting for  to exit ...
11290 [2010-12-09 02:24:02] - Waiting for  to exit ...
11290 [2010-12-09 02:24:03] - Waiting for  to exit ...
11290 [2010-12-09 02:24:04] - Waiting for  to exit ...
11290 [2010-12-09 02:24:05] - Waiting for  to exit ...
11290 [2010-12-09 02:24:06] - Waiting for  to exit ...
11290 [2010-12-09 02:24:07] - Waiting for  to exit ...
11290 [2010-12-09 02:24:08] - Waiting for  to exit ...
11290 [2010-12-09 02:24:09] - Waiting for  to exit ...
11290 [2010-12-09 02:24:10] - Waiting for  to exit ...
11290 [2010-12-09 02:24:11] - Waiting for  to exit ...
11290 [2010-12-09 02:24:12] - Waiting for  to exit ...
11290 [2010-12-09 02:24:13] - Waiting for  to exit ...
11290 [2010-12-09 02:24:14] - Waiting for  to exit ...
11290 [2010-12-09 02:24:15] - Waiting for  to exit ...
11290 [2010-12-09 02:24:16] - Waiting for  to exit ...
11290 [2010-12-09 02:24:17] - Waiting for  to exit ...
11290 [2010-12-09 02:24:18] - Waiting for  to exit ...
11290 [2010-12-09 02:24:19] - Waiting for  to exit ...
11290 [2010-12-09 02:24:20] - Waiting for  to exit ...
11290 [2010-12-09 02:24:21] - Waiting for  to exit ...
11290 [2010-12-09 02:24:22] - Waiting for  to exit ...
11290 [2010-12-09 02:24:23] - Waiting for  to exit ...
11290 [2010-12-09 02:24:24] - Waiting for  to exit ...
11290 [2010-12-09 02:24:25] - Waiting for  to exit ...
11290 [2010-12-09 02:24:26] - Waiting for  to exit ...
11290 [2010-12-09 02:24:27] - Waiting for  to exit ...
11290 [2010-12-09 02:24:28] - Waiting for  to exit ...
11290 [2010-12-09 02:24:29] - Waiting for  to exit ...
11290 [2010-12-09 02:24:30] - Waiting for  to exit ...
11290 [2010-12-09 02:24:31] - Waiting for  to exit ...
11290 [2010-12-09 02:24:32] - Waiting for  to exit ...
11290 [2010-12-09 02:24:33] - Waiting for  to exit ...
11290 [2010-12-09 02:24:34] - Waiting for  to exit ...
11290 [2010-12-09 02:24:35] - Waiting for  to exit ...
11290 [2010-12-09 02:24:36] - Waiting for  to exit ...
11290 [2010-12-09 02:24:37] - Waiting for  to exit ...
11290 [2010-12-09 02:24:38] - Waiting for  to exit ...
11290 [2010-12-09 02:24:39] - Waiting for  to exit ...
11290 [2010-12-09 02:24:40] - Waiting for  to exit ...
11290 [2010-12-09 02:24:41] - Waiting for  to exit ...
11290 [2010-12-09 02:24:42] - Waiting for  to exit ...
11290 [2010-12-09 02:24:43] - Waiting for  to exit ...
11290 [2010-12-09 02:24:44] - Waiting for  to exit ...
11290 [2010-12-09 02:24:45] - Waiting for  to exit ...
11290 [2010-12-09 02:24:46] - Waiting for  to exit ...
11290 [2010-12-09 02:24:47] - Waiting for  to exit ...
11290 [2010-12-09 02:24:48] - Waiting for  to exit ...
11290 [2010-12-09 02:24:49] - Waiting for  to exit ...
11290 [2010-12-09 02:24:50] - Waiting for  to exit ...
11290 [2010-12-09 02:24:51] - Waiting for  to exit ...
11290 [2010-12-09 02:24:52] - Waiting for  to exit ...
11290 [2010-12-09 02:24:53] - Waiting for  to exit ...
11290 [2010-12-09 02:24:54] - Waiting for  to exit ...
11290 [2010-12-09 02:24:55] - Waiting for  to exit ...
11290 [2010-12-09 02:24:56] - Waiting for  to exit ...
11290 [2010-12-09 02:24:57] - Waiting for  to exit ...
11290 [2010-12-09 02:24:58] - Waiting for  to exit ...
11290 [2010-12-09 02:24:59] - Waiting for  to exit ...
11290 [2010-12-09 02:25:00] - Waiting for  to exit ...
11290 [2010-12-09 02:25:01] - Waiting for  to exit ...
11290 [2010-12-09 02:25:02] - Waiting for  to exit ...
11290 [2010-12-09 02:25:03] - Waiting for  to exit ...
11290 [2010-12-09 02:25:04] - Waiting for  to exit ...
11290 [2010-12-09 02:25:05] - Waiting for  to exit ...
11290 [2010-12-09 02:25:06] - Waiting for  to exit ...
11290 [2010-12-09 02:25:07] - Waiting for  to exit ...
11290 [2010-12-09 02:25:08] - Waiting for  to exit ...
11290 [2010-12-09 02:25:09] - Waiting for  to exit ...
11290 [2010-12-09 02:25:10] - Waiting for  to exit ...
11290 [2010-12-09 02:25:11] - Waiting for  to exit ...
11290 [2010-12-09 02:25:12] - Waiting for  to exit ...
11290 [2010-12-09 02:25:13] - Waiting for  to exit ...
11290 [2010-12-09 02:25:14] - Waiting for  to exit ...
11290 [2010-12-09 02:25:15] - Waiting for  to exit ...
11290 [2010-12-09 02:25:16] - Waiting for  to exit ...
11290 [2010-12-09 02:25:17] - Waiting for  to exit ...
11290 [2010-12-09 02:25:18] - Waiting for  to exit ...
11290 [2010-12-09 02:25:19] - Waiting for  to exit ...
11290 [2010-12-09 02:25:20] - Waiting for  to exit ...
11290 [2010-12-09 02:25:21] - Waiting for  to exit ...
11290 [2010-12-09 02:25:22] - Waiting for  to exit ...
11290 [2010-12-09 02:25:23] - Waiting for  to exit ...
11290 [2010-12-09 02:25:24] - Waiting for  to exit ...
11290 [2010-12-09 02:25:25] - Waiting for  to exit ...
11290 [2010-12-09 02:25:26] - Waiting for  to exit ...
11290 [2010-12-09 02:25:27] - Waiting for  to exit ...
11290 [2010-12-09 02:25:28] - Waiting for  to exit ...
11290 [2010-12-09 02:25:29] - Waiting for  to exit ...
11290 [2010-12-09 02:25:30] - Waiting for  to exit ...
11290 [2010-12-09 02:25:31] - Waiting for  to exit ...
11290 [2010-12-09 02:25:32] - Waiting for  to exit ...
11290 [2010-12-09 02:25:33] - Waiting for  to exit ...
11290 [2010-12-09 02:25:34] - Waiting for  to exit ...
11290 [2010-12-09 02:25:35] - Waiting for  to exit ...
11290 [2010-12-09 02:25:36] - Waiting for  to exit ...
11290 [2010-12-09 02:25:37] - Waiting for  to exit ...
11290 [2010-12-09 02:25:38] - Waiting for  to exit ...
11290 [2010-12-09 02:25:39] - Waiting for  to exit ...
11290 [2010-12-09 02:25:40] - Waiting for  to exit ...
11290 [2010-12-09 02:25:41] - Waiting for  to exit ...
11290 [2010-12-09 02:25:42] - Waiting for  to exit ...
11290 [2010-12-09 02:25:43] - Waiting for  to exit ...
11290 [2010-12-09 02:25:44] - Waiting for  to exit ...
11290 [2010-12-09 02:25:45] - Waiting for  to exit ...
11290 [2010-12-09 02:25:46] - Waiting for  to exit ...
11290 [2010-12-09 02:25:47] - Waiting for  to exit ...
11290 [2010-12-09 02:25:48] - Waiting for  to exit ...
11290 [2010-12-09 02:25:49] - Waiting for  to exit ...
11290 [2010-12-09 02:25:50] - Waiting for  to exit ...
11290 [2010-12-09 02:25:51] - Waiting for  to exit ...
11290 [2010-12-09 02:25:52] - Waiting for  to exit ...
11290 [2010-12-09 02:25:53] - Waiting for  to exit ...
11290 [2010-12-09 02:25:54] - Waiting for  to exit ...
11290 [2010-12-09 02:25:55] - Waiting for  to exit ...
11290 [2010-12-09 02:25:56] - Waiting for  to exit ...
11290 [2010-12-09 02:25:57] - Waiting for  to exit ...
11290 [2010-12-09 02:25:58] - Waiting for  to exit ...
11290 [2010-12-09 02:25:59] - Waiting for  to exit ...
11290 [2010-12-09 02:26:00] - Waiting for  to exit ...
11290 [2010-12-09 02:26:01] - Waiting for  to exit ...
11290 [2010-12-09 02:26:02] - Waiting for  to exit ...
11290 [2010-12-09 02:26:03] - Waiting for  to exit ...
11290 [2010-12-09 02:26:04] - Waiting for  to exit ...
11290 [2010-12-09 02:26:05] - Waiting for  to exit ...
11290 [2010-12-09 02:26:06] - Waiting for  to exit ...
11290 [2010-12-09 02:26:07] - Waiting for  to exit ...
11290 [2010-12-09 02:26:08] - Waiting for  to exit ...
11290 [2010-12-09 02:26:09] - Waiting for  to exit ...
11290 [2010-12-09 02:26:10] - Waiting for  to exit ...
11290 [2010-12-09 02:26:11] - Waiting for  to exit ...
11290 [2010-12-09 02:26:12] - Waiting for  to exit ...
11290 [2010-12-09 02:26:13] - Waiting for  to exit ...
11290 [2010-12-09 02:26:14] - Waiting for  to exit ...
11290 [2010-12-09 02:26:15] - Waiting for  to exit ...
11290 [2010-12-09 02:26:16] - Waiting for  to exit ...
11290 [2010-12-09 02:26:17] - Waiting for  to exit ...
11290 [2010-12-09 02:26:18] - Waiting for  to exit ...
11290 [2010-12-09 02:26:19] - Waiting for  to exit ...
11290 [2010-12-09 02:26:20] - Waiting for  to exit ...
11290 [2010-12-09 02:26:21] - Waiting for  to exit ...
11290 [2010-12-09 02:26:22] - Waiting for  to exit ...
11290 [2010-12-09 02:26:23] - Waiting for  to exit ...
11290 [2010-12-09 02:26:24] - Waiting for  to exit ...
11290 [2010-12-09 02:26:25] - Waiting for  to exit ...
11290 [2010-12-09 02:26:26] - Waiting for  to exit ...
11290 [2010-12-09 02:26:27] - Waiting for  to exit ...
11290 [2010-12-09 02:26:28] - Waiting for  to exit ...
11290 [2010-12-09 02:26:29] - Waiting for  to exit ...
11290 [2010-12-09 02:26:30] - Waiting for  to exit ...
11290 [2010-12-09 02:26:31] - Waiting for  to exit ...
11290 [2010-12-09 02:26:32] - Waiting for  to exit ...
11290 [2010-12-09 02:26:33] - Waiting for  to exit ...
11290 [2010-12-09 02:26:34] - Waiting for  to exit ...
11290 [2010-12-09 02:26:35] - Waiting for  to exit ...
11290 [2010-12-09 02:26:36] - Waiting for  to exit ...
11290 [2010-12-09 02:26:37] - Waiting for  to exit ...
11290 [2010-12-09 02:26:38] - Waiting for  to exit ...
11290 [2010-12-09 02:26:39] - Waiting for  to exit ...
11290 [2010-12-09 02:26:40] - Waiting for  to exit ...
11290 [2010-12-09 02:26:41] - Waiting for  to exit ...
11290 [2010-12-09 02:26:42] - Waiting for  to exit ...
11290 [2010-12-09 02:26:43] - Waiting for  to exit ...
11290 [2010-12-09 02:26:44] - Waiting for  to exit ...
11290 [2010-12-09 02:26:45] - Waiting for  to exit ...
11290 [2010-12-09 02:26:46] - Waiting for  to exit ...
11290 [2010-12-09 02:26:47] - Waiting for  to exit ...
11290 [2010-12-09 02:26:48] - Waiting for  to exit ...
11290 [2010-12-09 02:26:49] - Waiting for  to exit ...
11290 [2010-12-09 02:26:50] - Waiting for  to exit ...
11290 [2010-12-09 02:26:51] - Waiting for  to exit ...
11290 [2010-12-09 02:26:52] - Waiting for  to exit ...
11290 [2010-12-09 02:26:53] - Waiting for  to exit ...
11290 [2010-12-09 02:26:54] - Waiting for  to exit ...
11290 [2010-12-09 02:26:55] - Waiting for  to exit ...
11290 [2010-12-09 02:26:56] - Waiting for  to exit ...
11290 [2010-12-09 02:26:57] - Waiting for  to exit ...
11290 [2010-12-09 02:26:58] - Waiting for  to exit ...
11290 [2010-12-09 02:26:59] - Waiting for  to exit ...
11290 [2010-12-09 02:27:00] - Waiting for  to exit ...
11290 [2010-12-09 02:27:01] - Waiting for  to exit ...
11290 [2010-12-09 02:27:02] - Waiting for  to exit ...
11290 [2010-12-09 02:27:03] - Waiting for  to exit ...
11290 [2010-12-09 02:27:04] - Waiting for  to exit ...
11290 [2010-12-09 02:27:05] - Waiting for  to exit ...
11290 [2010-12-09 02:27:06] - Waiting for  to exit ...
11290 [2010-12-09 02:27:07] - Waiting for  to exit ...
11290 [2010-12-09 02:27:08] - Waiting for  to exit ...
11290 [2010-12-09 02:27:09] - Waiting for  to exit ...
11290 [2010-12-09 02:27:10] - Waiting for  to exit ...
11290 [2010-12-09 02:27:11] - Waiting for  to exit ...
11290 [2010-12-09 02:27:12] - Waiting for  to exit ...
11290 [2010-12-09 02:27:13] - Waiting for  to exit ...
11290 [2010-12-09 02:27:14] - Waiting for  to exit ...
11290 [2010-12-09 02:27:15] - Waiting for  to exit ...
11290 [2010-12-09 02:27:16] - Waiting for  to exit ...
11290 [2010-12-09 02:27:17] - Waiting for  to exit ...
11290 [2010-12-09 02:27:18] - Waiting for  to exit ...
11290 [2010-12-09 02:27:19] - Waiting for  to exit ...
11290 [2010-12-09 02:27:20] - Waiting for  to exit ...
11290 [2010-12-09 02:27:22] - Waiting for  to exit ...
11290 [2010-12-09 02:27:23] - Waiting for  to exit ...
11290 [2010-12-09 02:27:24] - Waiting for  to exit ...
11290 [2010-12-09 02:27:25] - Waiting for  to exit ...
11290 [2010-12-09 02:27:26] - Waiting for  to exit ...
11290 [2010-12-09 02:27:27] - Waiting for  to exit ...
11290 [2010-12-09 02:27:28] - Waiting for  to exit ...
11290 [2010-12-09 02:27:29] - Waiting for  to exit ...
11290 [2010-12-09 02:27:30] - Waiting for  to exit ...
11290 [2010-12-09 02:27:31] - Waiting for  to exit ...
11290 [2010-12-09 02:27:32] - Waiting for  to exit ...
11290 [2010-12-09 02:27:33] - Waiting for  to exit ...
11290 [2010-12-09 02:27:34] - Waiting for  to exit ...
11290 [2010-12-09 02:27:35] - Waiting for  to exit ...
11290 [2010-12-09 02:27:36] - Waiting for  to exit ...
11290 [2010-12-09 02:27:37] - Waiting for  to exit ...
11290 [2010-12-09 02:27:38] - Waiting for  to exit ...
11290 [2010-12-09 02:27:39] - Waiting for  to exit ...
11290 [2010-12-09 02:27:40] - Waiting for  to exit ...
11290 [2010-12-09 02:27:41] - Waiting for  to exit ...
11290 [2010-12-09 02:27:42] - Waiting for  to exit ...
11290 [2010-12-09 02:27:43] - Waiting for  to exit ...
11290 [2010-12-09 02:27:44] - Waiting for  to exit ...
11290 [2010-12-09 02:27:45] - Waiting for  to exit ...
11290 [2010-12-09 02:27:46] - Waiting for  to exit ...
11290 [2010-12-09 02:27:47] - Waiting for  to exit ...
11290 [2010-12-09 02:27:48] - Waiting for  to exit ...
11290 [2010-12-09 02:27:49] - Waiting for  to exit ...
11290 [2010-12-09 02:27:50] - Waiting for  to exit ...
11290 [2010-12-09 02:27:51] - Waiting for  to exit ...
11290 [2010-12-09 02:27:52] - Waiting for  to exit ...
11290 [2010-12-09 02:27:53] - Waiting for  to exit ...
11290 [2010-12-09 02:27:54] - Waiting for  to exit ...
11290 [2010-12-09 02:27:55] - Waiting for  to exit ...
11290 [2010-12-09 02:27:56] - Waiting for  to exit ...
11290 [2010-12-09 02:27:57] - Waiting for  to exit ...
11290 [2010-12-09 02:27:58] - Waiting for  to exit ...
11290 [2010-12-09 02:27:59] - Waiting for  to exit ...
11290 [2010-12-09 02:28:00] - Waiting for  to exit ...
11290 [2010-12-09 02:28:01] - Waiting for  to exit ...
11290 [2010-12-09 02:28:02] - Waiting for  to exit ...
11290 [2010-12-09 02:28:03] - Waiting for  to exit ...
11290 [2010-12-09 02:28:04] - Waiting for  to exit ...
11290 [2010-12-09 02:28:05] - Waiting for  to exit ...
11290 [2010-12-09 02:28:06] - Waiting for  to exit ...
11290 [2010-12-09 02:28:07] - Waiting for  to exit ...
11290 [2010-12-09 02:28:08] - Waiting for  to exit ...
11290 [2010-12-09 02:28:09] - Waiting for  to exit ...
11290 [2010-12-09 02:28:10] - Waiting for  to exit ...
11290 [2010-12-09 02:28:11] - Waiting for  to exit ...
11290 [2010-12-09 02:28:12] - Waiting for  to exit ...
11290 [2010-12-09 02:28:13] - Waiting for  to exit ...
11290 [2010-12-09 02:28:14] - Waiting for  to exit ...
11290 [2010-12-09 02:28:15] - Waiting for  to exit ...
11290 [2010-12-09 02:28:16] - Waiting for  to exit ...
11290 [2010-12-09 02:28:17] - Waiting for  to exit ...
11290 [2010-12-09 02:28:18] - Waiting for  to exit ...
11290 [2010-12-09 02:28:19] - Waiting for  to exit ...
11290 [2010-12-09 02:28:20] - Waiting for  to exit ...
11290 [2010-12-09 02:28:21] - Waiting for  to exit ...
11290 [2010-12-09 02:28:22] - Waiting for  to exit ...
11290 [2010-12-09 02:28:23] - Waiting for  to exit ...
11290 [2010-12-09 02:28:24] - Waiting for  to exit ...
11290 [2010-12-09 02:28:25] - Waiting for  to exit ...
11290 [2010-12-09 02:28:26] - Waiting for  to exit ...
11290 [2010-12-09 02:28:27] - Waiting for  to exit ...
11290 [2010-12-09 02:28:28] - Waiting for  to exit ...
11290 [2010-12-09 02:28:29] - Waiting for  to exit ...
11290 [2010-12-09 02:28:30] - Waiting for  to exit ...
11290 [2010-12-09 02:28:31] - Waiting for  to exit ...
11290 [2010-12-09 02:28:32] - Waiting for  to exit ...
11290 [2010-12-09 02:28:33] - Waiting for  to exit ...
11290 [2010-12-09 02:28:34] - Waiting for  to exit ...
11290 [2010-12-09 02:28:35] - Waiting for  to exit ...
11290 [2010-12-09 02:28:36] - Waiting for  to exit ...
11290 [2010-12-09 02:28:37] - Waiting for  to exit ...
11290 [2010-12-09 02:28:38] - Waiting for  to exit ...
11290 [2010-12-09 02:28:39] - Waiting for  to exit ...
11290 [2010-12-09 02:28:40] - Waiting for  to exit ...
11290 [2010-12-09 02:28:41] - Waiting for  to exit ...
11290 [2010-12-09 02:28:42] - Waiting for  to exit ...
11290 [2010-12-09 02:28:43] - Waiting for  to exit ...
11290 [2010-12-09 02:28:44] - Waiting for  to exit ...
11290 [2010-12-09 02:28:45] - Waiting for  to exit ...
11290 [2010-12-09 02:28:46] - Waiting for  to exit ...
11290 [2010-12-09 02:28:47] - Waiting for  to exit ...
11290 [2010-12-09 02:28:48] - Waiting for  to exit ...
11290 [2010-12-09 02:28:49] - Waiting for  to exit ...
11290 [2010-12-09 02:28:50] - Waiting for  to exit ...
11290 [2010-12-09 02:28:51] - Waiting for  to exit ...
11290 [2010-12-09 02:28:52] - Waiting for  to exit ...
11290 [2010-12-09 02:28:53] - Waiting for  to exit ...
11290 [2010-12-09 02:28:54] - Waiting for  to exit ...
11290 [2010-12-09 02:28:55] - Waiting for  to exit ...
11290 [2010-12-09 02:28:56] - Waiting for  to exit ...
11290 [2010-12-09 02:28:57] - Waiting for  to exit ...
11290 [2010-12-09 02:28:58] - Waiting for  to exit ...
11290 [2010-12-09 02:28:59] - Waiting for  to exit ...
11290 [2010-12-09 02:29:00] - Waiting for  to exit ...
11290 [2010-12-09 02:29:01] - Waiting for  to exit ...
11290 [2010-12-09 02:29:02] - Waiting for  to exit ...
11290 [2010-12-09 02:29:03] - Waiting for  to exit ...
11290 [2010-12-09 02:29:04] - Waiting for  to exit ...
11290 [2010-12-09 02:29:05] - Waiting for  to exit ...
11290 [2010-12-09 02:29:06] - Waiting for  to exit ...
11290 [2010-12-09 02:29:07] - Waiting for  to exit ...
11290 [2010-12-09 02:29:08] - Waiting for  to exit ...
11290 [2010-12-09 02:29:09] - Waiting for  to exit ...
11290 [2010-12-09 02:29:10] - Waiting for  to exit ...
11290 [2010-12-09 02:29:11] - Waiting for  to exit ...
11290 [2010-12-09 02:29:12] - Waiting for  to exit ...
11290 [2010-12-09 02:29:13] - Waiting for  to exit ...
