
REQUEST [12-13-2010 05:55:35]
[URL] => /
[accept] => */*
[content-length] => 117
[CONTENT] => {"method":"query","sql":"SELECT * FROM users WHERE (username = 'bolvarak' AND passwd = 'Adm1n1988') ORDER BY id ASC"}
[host] => 69.162.168.48:1988
[content-type] => application/x-www-form-urlencoded
[METHOD] => POST
[HTTP_VERSION] => 1.1

DATA [12-13-2010 05:55:35]
[_method => POST]
[_status => 200]


REQUEST [12-13-2010 16:59:48]
[URL] => /
[accept] => */*
[content-length] => 117
[CONTENT] => {"method":"query","sql":"SELECT * FROM users WHERE (username = 'bolvarak' AND passwd = 'Adm1n1988') ORDER BY id ASC"}
[host] => 69.162.168.48:1988
[content-type] => application/x-www-form-urlencoded
[HTTP_VERSION] => 1.1
[METHOD] => POST

DATA [12-13-2010 16:59:48]
[_method => POST]
[_status => 200]


REQUEST [12-13-2010 17:00:14]
[URL] => /
[accept] => */*
[content-length] => 117
[CONTENT] => {"method":"query","sql":"SELECT * FROM users WHERE (username = 'bolvarak' AND passwd = 'Adm1n1988') ORDER BY id ASC"}
[host] => 69.162.168.48:1988
[content-type] => application/x-www-form-urlencoded
[HTTP_VERSION] => 1.1
[METHOD] => POST

DATA [12-13-2010 17:00:14]
[_method => POST]
[_status => 200]


REQUEST [12-13-2010 17:00:50]
[user-agent] => Mozilla/5.0 (Macintosh; U; Intel Mac OS X 10_6_5; en-us) AppleWebKit/533.19.4 (KHTML, like Gecko) Version/5.0.3 Safari/533.19.4
[URL] => /
[connection] => keep-alive
[accept] => application/xml,application/xhtml+xml,text/html;q=0.9,text/plain;q=0.8,image/png,*/*;q=0.5
[accept-language] => en-us
[accept-encoding] => gzip, deflate
[host] => 69.162.168.48:1988
[HTTP_VERSION] => 1.1
[METHOD] => GET

DATA [12-13-2010 17:00:50]
[_method => GET]
[_status => 200]


REQUEST [12-13-2010 17:02:47]
[user-agent] => Mozilla/5.0 (Windows; U; Windows NT 6.0; en-US) AppleWebKit/534.10 (KHTML, like Gecko) Chrome/8.0.552.215 Safari/534.10
[URL] => /
[connection] => keep-alive
[accept] => application/xml,application/xhtml+xml,text/html;q=0.9,text/plain;q=0.8,image/png,*/*;q=0.5
[accept-language] => en-US,en;q=0.8
[accept-encoding] => gzip,deflate,sdch
[host] => 69.162.168.48:1988
[accept-charset] => ISO-8859-1,utf-8;q=0.7,*;q=0.3
[METHOD] => GET
[HTTP_VERSION] => 1.1

DATA [12-13-2010 17:02:47]
[_method => GET]
[_status => 200]


REQUEST [12-13-2010 17:02:47]
[user-agent] => Mozilla/5.0 (Windows; U; Windows NT 6.0; en-US) AppleWebKit/534.10 (KHTML, like Gecko) Chrome/8.0.552.215 Safari/534.10
[URL] => /favicon.ico
[connection] => keep-alive
[accept] => */*
[accept-language] => en-US,en;q=0.8
[accept-encoding] => gzip,deflate,sdch
[host] => 69.162.168.48:1988
[accept-charset] => ISO-8859-1,utf-8;q=0.7,*;q=0.3
[HTTP_VERSION] => 1.1
[METHOD] => GET

DATA [12-13-2010 17:02:47]
[_method => GET]
[_status => 200]


REQUEST [12-13-2010 17:06:00]
[URL] => /
[accept] => */*
[content-length] => 117
[CONTENT] => {"method":"query","sql":"SELECT * FROM users WHERE (username = 'bolvarak' AND passwd = 'Adm1n1988') ORDER BY id ASC"}
[host] => 69.162.168.48:1988
[content-type] => application/x-www-form-urlencoded
[HTTP_VERSION] => 1.1
[METHOD] => POST

DATA [12-13-2010 17:06:00]
[_method => POST]
[_status => 200]


REQUEST [12-13-2010 17:07:04]
[URL] => /
[accept] => */*
[content-length] => 117
[CONTENT] => {"method":"query","sql":"SELECT * FROM users WHERE (username = 'bolvarak' AND passwd = 'Adm1n1988') ORDER BY id ASC"}
[host] => 69.162.168.48:1988
[content-type] => application/x-www-form-urlencoded
[HTTP_VERSION] => 1.1
[METHOD] => POST

DATA [12-13-2010 17:07:04]
[_method => POST]
[_status => 200]


REQUEST [12-13-2010 17:07:05]
[URL] => /
[accept] => */*
[content-length] => 117
[CONTENT] => {"method":"query","sql":"SELECT * FROM users WHERE (username = 'bolvarak' AND passwd = 'Adm1n1988') ORDER BY id ASC"}
[host] => 69.162.168.48:1988
[content-type] => application/x-www-form-urlencoded
[HTTP_VERSION] => 1.1
[METHOD] => POST

DATA [12-13-2010 17:07:05]
[_method => POST]
[_status => 200]


REQUEST [12-13-2010 17:07:22]
[URL] => /
[accept] => */*
[content-length] => 117
[CONTENT] => {"method":"query","sql":"SELECT * FROM users WHERE (username = 'bolvarak' AND passwd = 'Adm1n1988') ORDER BY id ASC"}
[host] => 69.162.168.48:1988
[content-type] => application/x-www-form-urlencoded
[HTTP_VERSION] => 1.1
[METHOD] => POST

DATA [12-13-2010 17:07:22]
[_method => POST]
[_status => 200]


REQUEST [12-13-2010 17:07:23]
[URL] => /
[accept] => */*
[content-length] => 117
[CONTENT] => {"method":"query","sql":"SELECT * FROM users WHERE (username = 'bolvarak' AND passwd = 'Adm1n1988') ORDER BY id ASC"}
[host] => 69.162.168.48:1988
[content-type] => application/x-www-form-urlencoded
[HTTP_VERSION] => 1.1
[METHOD] => POST

DATA [12-13-2010 17:07:23]
[_method => POST]
[_status => 200]


REQUEST [12-13-2010 17:07:24]
[URL] => /
[accept] => */*
[content-length] => 117
[CONTENT] => {"method":"query","sql":"SELECT * FROM users WHERE (username = 'bolvarak' AND passwd = 'Adm1n1988') ORDER BY id ASC"}
[host] => 69.162.168.48:1988
[content-type] => application/x-www-form-urlencoded
[HTTP_VERSION] => 1.1
[METHOD] => POST

DATA [12-13-2010 17:07:24]
[_method => POST]
[_status => 200]


REQUEST [12-13-2010 17:08:26]
[URL] => /
[accept] => */*
[content-length] => 117
[CONTENT] => {"method":"query","sql":"SELECT * FROM users WHERE (username = 'bolvarak' AND passwd = 'Adm1n1988') ORDER BY id ASC"}
[host] => 69.162.168.48:1988
[content-type] => application/x-www-form-urlencoded
[HTTP_VERSION] => 1.1
[METHOD] => POST

DATA [12-13-2010 17:08:26]
[_method => POST]
[_status => 200]


REQUEST [12-13-2010 17:09:13]
[URL] => /
[accept] => */*
[content-length] => 117
[CONTENT] => {"method":"query","sql":"SELECT * FROM users WHERE (username = 'bolvarak' AND passwd = 'Adm1n1988') ORDER BY id ASC"}
[host] => 69.162.168.48:1988
[content-type] => application/x-www-form-urlencoded
[HTTP_VERSION] => 1.1
[METHOD] => POST

DATA [12-13-2010 17:09:13]
[_method => POST]
[_status => 200]


REQUEST [12-13-2010 17:09:14]
[URL] => /
[accept] => */*
[content-length] => 117
[CONTENT] => {"method":"query","sql":"SELECT * FROM users WHERE (username = 'bolvarak' AND passwd = 'Adm1n1988') ORDER BY id ASC"}
[host] => 69.162.168.48:1988
[content-type] => application/x-www-form-urlencoded
[HTTP_VERSION] => 1.1
[METHOD] => POST

DATA [12-13-2010 17:09:14]
[_method => POST]
[_status => 200]


REQUEST [12-13-2010 17:10:20]
[URL] => /
[accept] => */*
[content-length] => 117
[CONTENT] => {"method":"query","sql":"SELECT * FROM users WHERE (username = 'bolvarak' AND passwd = 'Adm1n1988') ORDER BY id ASC"}
[host] => 69.162.168.48:1988
[content-type] => application/x-www-form-urlencoded
[HTTP_VERSION] => 1.1
[METHOD] => POST

DATA [12-13-2010 17:10:20]
[_method => POST]
[_status => 200]


REQUEST [12-13-2010 17:17:26]
[URL] => /
[content-length] => 117
[CONTENT] => {"method":"query","sql":"SELECT * FROM users WHERE (username = 'bolvarak' AND passwd = 'Adm1n1988') ORDER BY id ASC"}
[host] => 69.162.168.48:1988
[content-type] => application/json
[HTTP_VERSION] => 1.0
[METHOD] => POST

DATA [12-13-2010 17:17:26]
[_method => POST]
[_status => 200]


REQUEST [12-13-2010 17:17:51]
[URL] => /
[content-length] => 117
[CONTENT] => {"method":"query","sql":"SELECT * FROM users WHERE (username = 'bolvarak' AND passwd = 'Adm1n1988') ORDER BY id ASC"}
[host] => 69.162.168.48:1988
[content-type] => application/json
[HTTP_VERSION] => 1.0
[METHOD] => POST

DATA [12-13-2010 17:17:51]
[_method => POST]
[_status => 200]


REQUEST [12-13-2010 17:19:41]
[URL] => /
[content-length] => 117
[CONTENT] => {"method":"query","sql":"SELECT * FROM users WHERE (username = 'bolvarak' AND passwd = 'Adm1n1988') ORDER BY id ASC"}
[host] => 69.162.168.48:1988
[content-type] => application/json
[HTTP_VERSION] => 1.0
[METHOD] => POST

DATA [12-13-2010 17:19:41]
[_method => POST]
[_status => 200]


REQUEST [12-13-2010 17:22:36]
[URL] => /
[content-length] => 117
[CONTENT] => {"method":"query","sql":"SELECT * FROM users WHERE (username = 'bolvarak' AND passwd = 'Adm1n1988') ORDER BY id ASC"}
[host] => 69.162.168.48:1988
[content-type] => application/json
[HTTP_VERSION] => 1.0
[METHOD] => POST

DATA [12-13-2010 17:22:36]
[_method => POST]
[_status => 200]


REQUEST [12-13-2010 17:27:47]
[URL] => /
[content-length] => 117
[CONTENT] => {"method":"query","sql":"SELECT * FROM users WHERE (username = 'bolvarak' AND passwd = 'Adm1n1988') ORDER BY id ASC"}
[host] => 69.162.168.48:1988
[content-type] => application/json
[HTTP_VERSION] => 1.0
[METHOD] => POST

DATA [12-13-2010 17:27:47]
[_method => POST]
[_status => 200]


REQUEST [12-13-2010 19:33:55]
[URL] => /
[content-type] => application/json
[content-length] => 117
[HTTP_VERSION] => 1.0
[METHOD] => POST
[CONTENT] => {"method":"query","sql":"SELECT * FROM users WHERE (username = 'bolvarak' AND passwd = 'Adm1n1988') ORDER BY id ASC"}
[host] => 69.162.168.48:1988

DATA [12-13-2010 19:33:55]
[_method => POST]
[_status => 200]


